<?xml version="1.0" encoding="UTF-8" ?>
<testsuite 
errors="0" failures="0" hostname="DESKTOP-RUIAEON" name="org.scalatest.tools.DiscoverySuite" tests="0" time="32.642" timestamp="2022-05-31T15:47:33">
  <properties>
    <property name="java.runtime.name" value="Java(TM) SE Runtime Environment">
    </property>
    <property name="java.vm.version" value="17.0.3+8-LTS-111"/>
    <property 
    name="sun.boot.library.path" value="C:\Program Files\Java\jdk-17.0.3\bin">
</property>
    <property name="java.vm.vendor" value="Oracle Corporation"/>
    <property name="java.vendor.url" value="https://java.oracle.com/"/>
    <property name="path.separator" value=";"/>
    <property name="java.vm.name" value="Java HotSpot(TM) 64-Bit Server VM"/>
    <property name="sun.os.patch.level" value=""/>
    <property name="user.script" value=""/>
    <property name="user.country" value="IT"/>
    <property name="sun.java.launcher" value="SUN_STANDARD"/>
    <property 
    name="java.vm.specification.name" value="Java Virtual Machine Specification">
</property>
    <property 
    name="user.dir" value="C:\Users\barin\Documents\GitHub\airspace-monitoring\states_source">
</property>
    <property name="java.vm.compressedOopsMode" value="32-bit"/>
    <property name="java.runtime.version" value="17.0.3+8-LTS-111"/>
    <property 
    name="basedir" value="C:\Users\barin\Documents\GitHub\airspace-monitoring\states_source">
</property>
    <property name="os.arch" value="amd64"/>
    <property name="java.io.tmpdir" value="C:\Users\barin\AppData\Local\Temp\">
    </property>
    <property name="line.separator" value=" "/>
    <property name="java.vm.specification.vendor" value="Oracle Corporation"/>
    <property name="user.variant" value=""/>
    <property name="os.name" value="Windows 11"/>
    <property name="sun.jnu.encoding" value="Cp1252"/>
    <property 
    name="java.library.path" value="C:\Program Files\Java\jdk-17.0.3\bin;C:\WINDOWS\Sun\Java\bin;C:\WINDOWS\system32;C:\WINDOWS;C:\Program Files\Common Files\Oracle\Java\javapath;C:\WINDOWS\system32;C:\WINDOWS;C:\WINDOWS\System32\Wbem;C:\WINDOWS\System32\WindowsPowerShell\v1.0\;C:\WINDOWS\System32\OpenSSH\;C:\Program Files\Git\cmd;C:\Program Files\Docker\Docker\resources\bin;C:\ProgramData\DockerDesktop\version-bin;C:\Program Files (x86)\scala\bin;C:\Program Files\Go\bin;C:\TDM-GCC-64\bin;C:\Users\barin\anaconda3;C:\Users\barin\anaconda3\Library\mingw-w64\bin;C:\Users\barin\anaconda3\Library\usr\bin;C:\Users\barin\anaconda3\Library\bin;C:\Users\barin\anaconda3\Scripts;C:\Users\barin\AppData\Local\Programs\Python\Python37\Scripts\;C:\Users\barin\AppData\Local\Programs\Python\Python37\;C:\Users\barin\AppData\Local\Microsoft\WindowsApps;C:\Program Files\JetBrains\PyCharm Community Edition 2021.1.2\bin;C:\Users\barin\Hugo;C:\Users\barin\AppData\Local\Programs\Microsoft VS Code\bin;C:\Program Files\apache-maven-3.8.5;C:\Program Files\apache-maven-3.8.5\bin;C:\Users\barin\AppData\Local\Coursier\data\bin;C:\Users\barin\go\bin;C:\Users\barin\AppData\Local\Google\Cloud SDK\google-cloud-sdk\bin;C:\Users\barin\AppData\Local\Microsoft\WindowsApps;C:\TDM-GCC-64\bin\gcc.exe;C:\Users\barin\AppData\Local\GitHubDesktop\bin;.">
</property>
    <property name="jdk.debug" value="release"/>
    <property name="java.class.version" value="61.0"/>
    <property 
    name="java.specification.name" value="Java Platform API Specification">
</property>
    <property 
    name="sun.management.compiler" value="HotSpot 64-Bit Tiered Compilers">
</property>
    <property name="os.version" value="10.0"/>
    <property name="user.home" value="C:\Users\barin"/>
    <property name="file.encoding" value="Cp1252"/>
    <property name="java.specification.version" value="17"/>
    <property name="user.name" value="barin"/>
    <property 
    name="java.class.path" value="C:\Users\barin\Documents\GitHub\airspace-monitoring\states_source\target\test-classes;C:\Users\barin\Documents\GitHub\airspace-monitoring\states_source\target\classes;C:\Users\barin\.m2\repository\org\opensky\opensky-api\1.3.0\opensky-api-1.3.0.jar;C:\Users\barin\.m2\repository\com\fasterxml\jackson\core\jackson-databind\2.12.6.1\jackson-databind-2.12.6.1.jar;C:\Users\barin\.m2\repository\com\fasterxml\jackson\core\jackson-annotations\2.12.6\jackson-annotations-2.12.6.jar;C:\Users\barin\.m2\repository\com\fasterxml\jackson\core\jackson-core\2.12.6\jackson-core-2.12.6.jar;C:\Users\barin\.m2\repository\org\apache\flink\flink-scala_2.12\1.14.4\flink-scala_2.12-1.14.4.jar;C:\Users\barin\.m2\repository\org\apache\flink\flink-core\1.14.4\flink-core-1.14.4.jar;C:\Users\barin\.m2\repository\org\apache\flink\flink-annotations\1.14.4\flink-annotations-1.14.4.jar;C:\Users\barin\.m2\repository\org\apache\flink\flink-metrics-core\1.14.4\flink-metrics-core-1.14.4.jar;C:\Users\barin\.m2\repository\org\apache\commons\commons-lang3\3.3.2\commons-lang3-3.3.2.jar;C:\Users\barin\.m2\repository\com\esotericsoftware\kryo\kryo\2.24.0\kryo-2.24.0.jar;C:\Users\barin\.m2\repository\com\esotericsoftware\minlog\minlog\1.2\minlog-1.2.jar;C:\Users\barin\.m2\repository\org\objenesis\objenesis\2.1\objenesis-2.1.jar;C:\Users\barin\.m2\repository\commons-collections\commons-collections\3.2.2\commons-collections-3.2.2.jar;C:\Users\barin\.m2\repository\org\apache\commons\commons-compress\1.21\commons-compress-1.21.jar;C:\Users\barin\.m2\repository\org\apache\flink\flink-java\1.14.4\flink-java-1.14.4.jar;C:\Users\barin\.m2\repository\org\apache\flink\flink-shaded-asm-7\7.1-14.0\flink-shaded-asm-7-7.1-14.0.jar;C:\Users\barin\.m2\repository\org\scala-lang\scala-reflect\2.12.7\scala-reflect-2.12.7.jar;C:\Users\barin\.m2\repository\org\scala-lang\scala-compiler\2.12.7\scala-compiler-2.12.7.jar;C:\Users\barin\.m2\repository\com\twitter\chill_2.12\0.7.6\chill_2.12-0.7.6.jar;C:\Users\barin\.m2\repository\com\twitter\chill-java\0.7.6\chill-java-0.7.6.jar;C:\Users\barin\.m2\repository\com\google\code\findbugs\jsr305\1.3.9\jsr305-1.3.9.jar;C:\Users\barin\.m2\repository\org\apache\flink\flink-shaded-force-shading\14.0\flink-shaded-force-shading-14.0.jar;C:\Users\barin\.m2\repository\org\apache\flink\flink-streaming-scala_2.12\1.14.4\flink-streaming-scala_2.12-1.14.4.jar;C:\Users\barin\.m2\repository\org\apache\flink\flink-streaming-java_2.12\1.14.4\flink-streaming-java_2.12-1.14.4.jar;C:\Users\barin\.m2\repository\org\apache\flink\flink-file-sink-common\1.14.4\flink-file-sink-common-1.14.4.jar;C:\Users\barin\.m2\repository\org\apache\flink\flink-clients_2.12\1.14.4\flink-clients_2.12-1.14.4.jar;C:\Users\barin\.m2\repository\org\apache\flink\flink-runtime\1.14.4\flink-runtime-1.14.4.jar;C:\Users\barin\.m2\repository\org\apache\flink\flink-rpc-core\1.14.4\flink-rpc-core-1.14.4.jar;C:\Users\barin\.m2\repository\org\apache\flink\flink-rpc-akka-loader\1.14.4\flink-rpc-akka-loader-1.14.4.jar;C:\Users\barin\.m2\repository\org\apache\flink\flink-queryable-state-client-java\1.14.4\flink-queryable-state-client-java-1.14.4.jar;C:\Users\barin\.m2\repository\org\apache\flink\flink-hadoop-fs\1.14.4\flink-hadoop-fs-1.14.4.jar;C:\Users\barin\.m2\repository\commons-io\commons-io\2.8.0\commons-io-2.8.0.jar;C:\Users\barin\.m2\repository\org\apache\flink\flink-shaded-netty\4.1.65.Final-14.0\flink-shaded-netty-4.1.65.Final-14.0.jar;C:\Users\barin\.m2\repository\org\apache\flink\flink-shaded-jackson\2.12.4-14.0\flink-shaded-jackson-2.12.4-14.0.jar;C:\Users\barin\.m2\repository\org\apache\flink\flink-shaded-zookeeper-3\3.4.14-14.0\flink-shaded-zookeeper-3-3.4.14-14.0.jar;C:\Users\barin\.m2\repository\org\javassist\javassist\3.24.0-GA\javassist-3.24.0-GA.jar;C:\Users\barin\.m2\repository\org\xerial\snappy\snappy-java\1.1.8.3\snappy-java-1.1.8.3.jar;C:\Users\barin\.m2\repository\org\lz4\lz4-java\1.8.0\lz4-java-1.8.0.jar;C:\Users\barin\.m2\repository\org\apache\flink\flink-optimizer\1.14.4\flink-optimizer-1.14.4.jar;C:\Users\barin\.m2\repository\commons-cli\commons-cli\1.3.1\commons-cli-1.3.1.jar;C:\Users\barin\.m2\repository\org\scala-lang\scala-library\2.12.15\scala-library-2.12.15.jar;C:\Users\barin\.m2\repository\org\apache\flink\flink-connector-gcp-pubsub\1.16-SNAPSHOT\flink-connector-gcp-pubsub-1.16-SNAPSHOT.jar;C:\Users\barin\.m2\repository\com\google\cloud\google-cloud-core\1.93.7\google-cloud-core-1.93.7.jar;C:\Users\barin\.m2\repository\com\google\http-client\google-http-client-jackson2\1.36.0\google-http-client-jackson2-1.36.0.jar;C:\Users\barin\.m2\repository\com\google\cloud\google-cloud-pubsub\1.108.0\google-cloud-pubsub-1.108.0.jar;C:\Users\barin\.m2\repository\com\google\api\grpc\proto-google-cloud-pubsub-v1\1.90.0\proto-google-cloud-pubsub-v1-1.90.0.jar;C:\Users\barin\.m2\repository\org\checkerframework\checker-compat-qual\2.5.5\checker-compat-qual-2.5.5.jar;C:\Users\barin\.m2\repository\com\google\api\grpc\grpc-google-cloud-pubsub-v1\1.90.0\grpc-google-cloud-pubsub-v1-1.90.0.jar;C:\Users\barin\.m2\repository\org\apache\flink\flink-test-utils_2.12\1.14.4\flink-test-utils_2.12-1.14.4.jar;C:\Users\barin\.m2\repository\org\apache\flink\flink-test-utils-junit\1.14.4\flink-test-utils-junit-1.14.4.jar;C:\Users\barin\.m2\repository\org\junit\vintage\junit-vintage-engine\5.7.2\junit-vintage-engine-5.7.2.jar;C:\Users\barin\.m2\repository\org\apiguardian\apiguardian-api\1.1.0\apiguardian-api-1.1.0.jar;C:\Users\barin\.m2\repository\org\junit\platform\junit-platform-engine\1.7.2\junit-platform-engine-1.7.2.jar;C:\Users\barin\.m2\repository\org\apache\flink\flink-runtime\1.14.4\flink-runtime-1.14.4-tests.jar;C:\Users\barin\.m2\repository\org\apache\flink\flink-rpc-akka-loader\1.14.4\flink-rpc-akka-loader-1.14.4-tests.jar;C:\Users\barin\.m2\repository\org\junit\jupiter\junit-jupiter\5.7.2\junit-jupiter-5.7.2.jar;C:\Users\barin\.m2\repository\org\junit\jupiter\junit-jupiter-api\5.7.2\junit-jupiter-api-5.7.2.jar;C:\Users\barin\.m2\repository\org\opentest4j\opentest4j\1.2.0\opentest4j-1.2.0.jar;C:\Users\barin\.m2\repository\org\junit\platform\junit-platform-commons\1.7.2\junit-platform-commons-1.7.2.jar;C:\Users\barin\.m2\repository\org\junit\jupiter\junit-jupiter-params\5.7.2\junit-jupiter-params-5.7.2.jar;C:\Users\barin\.m2\repository\org\junit\jupiter\junit-jupiter-engine\5.7.2\junit-jupiter-engine-5.7.2.jar;C:\Users\barin\.m2\repository\org\apache\curator\curator-test\2.12.0\curator-test-2.12.0.jar;C:\Users\barin\.m2\repository\org\apache\zookeeper\zookeeper\3.4.8\zookeeper-3.4.8.jar;C:\Users\barin\.m2\repository\log4j\log4j\1.2.16\log4j-1.2.16.jar;C:\Users\barin\.m2\repository\jline\jline\0.9.94\jline-0.9.94.jar;C:\Users\barin\.m2\repository\io\netty\netty\3.7.0.Final\netty-3.7.0.Final.jar;C:\Users\barin\.m2\repository\org\apache\flink\flink-statebackend-changelog\1.14.4\flink-statebackend-changelog-1.14.4.jar;C:\Users\barin\.m2\repository\org\apache\flink\flink-streaming-java_2.11\1.9.0\flink-streaming-java_2.11-1.9.0-tests.jar;C:\Users\barin\.m2\repository\org\apache\flink\flink-runtime_2.11\1.9.0\flink-runtime_2.11-1.9.0.jar;C:\Users\barin\.m2\repository\org\apache\flink\flink-shaded-asm-6\6.2.1-7.0\flink-shaded-asm-6-6.2.1-7.0.jar;C:\Users\barin\.m2\repository\com\typesafe\akka\akka-actor_2.11\2.5.21\akka-actor_2.11-2.5.21.jar;C:\Users\barin\.m2\repository\com\typesafe\config\1.3.3\config-1.3.3.jar;C:\Users\barin\.m2\repository\org\scala-lang\modules\scala-java8-compat_2.11\0.7.0\scala-java8-compat_2.11-0.7.0.jar;C:\Users\barin\.m2\repository\com\typesafe\akka\akka-stream_2.11\2.5.21\akka-stream_2.11-2.5.21.jar;C:\Users\barin\.m2\repository\org\reactivestreams\reactive-streams\1.0.2\reactive-streams-1.0.2.jar;C:\Users\barin\.m2\repository\com\typesafe\ssl-config-core_2.11\0.3.7\ssl-config-core_2.11-0.3.7.jar;C:\Users\barin\.m2\repository\org\scala-lang\modules\scala-parser-combinators_2.11\1.1.1\scala-parser-combinators_2.11-1.1.1.jar;C:\Users\barin\.m2\repository\com\typesafe\akka\akka-protobuf_2.11\2.5.21\akka-protobuf_2.11-2.5.21.jar;C:\Users\barin\.m2\repository\com\typesafe\akka\akka-slf4j_2.11\2.5.21\akka-slf4j_2.11-2.5.21.jar;C:\Users\barin\.m2\repository\org\clapper\grizzled-slf4j_2.11\1.3.2\grizzled-slf4j_2.11-1.3.2.jar;C:\Users\barin\.m2\repository\com\github\scopt\scopt_2.11\3.5.0\scopt_2.11-3.5.0.jar;C:\Users\barin\.m2\repository\com\twitter\chill_2.11\0.7.6\chill_2.11-0.7.6.jar;C:\Users\barin\.m2\repository\org\apache\flink\flink-clients_2.11\1.9.0\flink-clients_2.11-1.9.0.jar;C:\Users\barin\.m2\repository\org\apache\flink\flink-optimizer_2.11\1.9.0\flink-optimizer_2.11-1.9.0.jar;C:\Users\barin\.m2\repository\org\apache\commons\commons-math3\3.5\commons-math3-3.5.jar;C:\Users\barin\.m2\repository\org\apache\flink\force-shading\1.9.0\force-shading-1.9.0.jar;C:\Users\barin\.m2\repository\io\grpc\grpc-all\1.46.0\grpc-all-1.46.0.jar;C:\Users\barin\.m2\repository\io\grpc\grpc-api\1.46.0\grpc-api-1.46.0.jar;C:\Users\barin\.m2\repository\io\grpc\grpc-auth\1.46.0\grpc-auth-1.46.0.jar;C:\Users\barin\.m2\repository\io\grpc\grpc-context\1.46.0\grpc-context-1.46.0.jar;C:\Users\barin\.m2\repository\io\grpc\grpc-core\1.46.0\grpc-core-1.46.0.jar;C:\Users\barin\.m2\repository\io\grpc\grpc-grpclb\1.46.0\grpc-grpclb-1.46.0.jar;C:\Users\barin\.m2\repository\io\grpc\grpc-netty\1.46.0\grpc-netty-1.46.0.jar;C:\Users\barin\.m2\repository\io\netty\netty-codec-http2\4.1.72.Final\netty-codec-http2-4.1.72.Final.jar;C:\Users\barin\.m2\repository\io\netty\netty-handler-proxy\4.1.72.Final\netty-handler-proxy-4.1.72.Final.jar;C:\Users\barin\.m2\repository\io\netty\netty-codec-socks\4.1.72.Final\netty-codec-socks-4.1.72.Final.jar;C:\Users\barin\.m2\repository\io\grpc\grpc-okhttp\1.46.0\grpc-okhttp-1.46.0.jar;C:\Users\barin\.m2\repository\io\grpc\grpc-protobuf\1.46.0\grpc-protobuf-1.46.0.jar;C:\Users\barin\.m2\repository\io\grpc\grpc-rls\1.46.0\grpc-rls-1.46.0.jar;C:\Users\barin\.m2\repository\io\grpc\grpc-services\1.46.0\grpc-services-1.46.0.jar;C:\Users\barin\.m2\repository\io\grpc\grpc-stub\1.46.0\grpc-stub-1.46.0.jar;C:\Users\barin\.m2\repository\io\grpc\grpc-testing\1.46.0\grpc-testing-1.46.0.jar;C:\Users\barin\.m2\repository\junit\junit\4.12\junit-4.12.jar;C:\Users\barin\.m2\repository\org\hamcrest\hamcrest-core\1.3\hamcrest-core-1.3.jar;C:\Users\barin\.m2\repository\io\grpc\grpc-xds\1.46.0\grpc-xds-1.46.0.jar;C:\Users\barin\.m2\repository\io\grpc\grpc-netty-shaded\1.46.0\grpc-netty-shaded-1.46.0.jar;C:\Users\barin\.m2\repository\com\google\cloud\google-cloud-firestore\3.1.0\google-cloud-firestore-3.1.0.jar;C:\Users\barin\.m2\repository\com\google\cloud\google-cloud-core-grpc\2.6.0\google-cloud-core-grpc-2.6.0.jar;C:\Users\barin\.m2\repository\com\google\android\annotations\4.1.1.4\annotations-4.1.1.4.jar;C:\Users\barin\.m2\repository\org\codehaus\mojo\animal-sniffer-annotations\1.21\animal-sniffer-annotations-1.21.jar;C:\Users\barin\.m2\repository\io\perfmark\perfmark-api\0.23.0\perfmark-api-0.23.0.jar;C:\Users\barin\.m2\repository\com\google\http-client\google-http-client\1.41.7\google-http-client-1.41.7.jar;C:\Users\barin\.m2\repository\commons-logging\commons-logging\1.2\commons-logging-1.2.jar;C:\Users\barin\.m2\repository\commons-codec\commons-codec\1.15\commons-codec-1.15.jar;C:\Users\barin\.m2\repository\org\apache\httpcomponents\httpcore\4.4.15\httpcore-4.4.15.jar;C:\Users\barin\.m2\repository\io\opencensus\opencensus-contrib-http-util\0.31.0\opencensus-contrib-http-util-0.31.0.jar;C:\Users\barin\.m2\repository\com\google\api\grpc\proto-google-cloud-firestore-v1\3.1.0\proto-google-cloud-firestore-v1-3.1.0.jar;C:\Users\barin\.m2\repository\com\google\cloud\proto-google-cloud-firestore-bundle-v1\3.1.0\proto-google-cloud-firestore-bundle-v1-3.1.0.jar;C:\Users\barin\.m2\repository\com\google\auto\value\auto-value-annotations\1.9\auto-value-annotations-1.9.jar;C:\Users\barin\.m2\repository\io\opencensus\opencensus-contrib-grpc-util\0.31.0\opencensus-contrib-grpc-util-0.31.0.jar;C:\Users\barin\.m2\repository\com\google\api\api-common\2.1.5\api-common-2.1.5.jar;C:\Users\barin\.m2\repository\javax\annotation\javax.annotation-api\1.3.2\javax.annotation-api-1.3.2.jar;C:\Users\barin\.m2\repository\io\grpc\grpc-protobuf-lite\1.45.1\grpc-protobuf-lite-1.45.1.jar;C:\Users\barin\.m2\repository\com\google\api\grpc\proto-google-common-protos\2.8.3\proto-google-common-protos-2.8.3.jar;C:\Users\barin\.m2\repository\com\google\api\gax\2.16.0\gax-2.16.0.jar;C:\Users\barin\.m2\repository\com\google\errorprone\error_prone_annotations\2.13.0\error_prone_annotations-2.13.0.jar;C:\Users\barin\.m2\repository\com\google\api\gax-grpc\2.16.0\gax-grpc-2.16.0.jar;C:\Users\barin\.m2\repository\io\grpc\grpc-alts\1.45.1\grpc-alts-1.45.1.jar;C:\Users\barin\.m2\repository\org\conscrypt\conscrypt-openjdk-uber\2.5.1\conscrypt-openjdk-uber-2.5.1.jar;C:\Users\barin\.m2\repository\io\grpc\grpc-googleapis\1.45.1\grpc-googleapis-1.45.1.jar;C:\Users\barin\.m2\repository\com\google\re2j\re2j\1.5\re2j-1.5.jar;C:\Users\barin\.m2\repository\org\bouncycastle\bcpkix-jdk15on\1.67\bcpkix-jdk15on-1.67.jar;C:\Users\barin\.m2\repository\org\bouncycastle\bcprov-jdk15on\1.67\bcprov-jdk15on-1.67.jar;C:\Users\barin\.m2\repository\io\opencensus\opencensus-proto\0.2.0\opencensus-proto-0.2.0.jar;C:\Users\barin\.m2\repository\com\google\guava\guava\31.1-jre\guava-31.1-jre.jar;C:\Users\barin\.m2\repository\com\google\guava\failureaccess\1.0.1\failureaccess-1.0.1.jar;C:\Users\barin\.m2\repository\com\google\guava\listenablefuture\9999.0-empty-to-avoid-conflict-with-guava\listenablefuture-9999.0-empty-to-avoid-conflict-with-guava.jar;C:\Users\barin\.m2\repository\org\checkerframework\checker-qual\3.21.4\checker-qual-3.21.4.jar;C:\Users\barin\.m2\repository\com\google\j2objc\j2objc-annotations\1.3\j2objc-annotations-1.3.jar;C:\Users\barin\.m2\repository\org\threeten\threetenbp\1.6.0\threetenbp-1.6.0.jar;C:\Users\barin\.m2\repository\io\opencensus\opencensus-api\0.31.0\opencensus-api-0.31.0.jar;C:\Users\barin\.m2\repository\com\google\auth\google-auth-library-credentials\1.6.0\google-auth-library-credentials-1.6.0.jar;C:\Users\barin\.m2\repository\com\google\api\grpc\proto-google-iam-v1\1.3.1\proto-google-iam-v1-1.3.1.jar;C:\Users\barin\.m2\repository\com\google\auth\google-auth-library-oauth2-http\1.6.0\google-auth-library-oauth2-http-1.6.0.jar;C:\Users\barin\.m2\repository\com\google\http-client\google-http-client-gson\1.41.7\google-http-client-gson-1.41.7.jar;C:\Users\barin\.m2\repository\com\google\code\gson\gson\2.9.0\gson-2.9.0.jar;C:\Users\barin\.m2\repository\com\google\protobuf\protobuf-java-util\3.19.4\protobuf-java-util-3.19.4.jar;C:\Users\barin\.m2\repository\com\google\protobuf\protobuf-java\3.19.2\protobuf-java-3.19.2.jar;C:\Users\barin\.m2\repository\com\squareup\okhttp3\okhttp\3.12.1\okhttp-3.12.1.jar;C:\Users\barin\.m2\repository\com\squareup\okio\okio\1.15.0\okio-1.15.0.jar;C:\Users\barin\.m2\repository\io\netty\netty-codec\4.1.77.Final\netty-codec-4.1.77.Final.jar;C:\Users\barin\.m2\repository\io\netty\netty-common\4.1.77.Final\netty-common-4.1.77.Final.jar;C:\Users\barin\.m2\repository\io\netty\netty-buffer\4.1.77.Final\netty-buffer-4.1.77.Final.jar;C:\Users\barin\.m2\repository\io\netty\netty-transport\4.1.77.Final\netty-transport-4.1.77.Final.jar;C:\Users\barin\.m2\repository\io\netty\netty-resolver\4.1.77.Final\netty-resolver-4.1.77.Final.jar;C:\Users\barin\.m2\repository\io\netty\netty-codec-http\4.1.77.Final\netty-codec-http-4.1.77.Final.jar;C:\Users\barin\.m2\repository\io\netty\netty-handler\4.1.77.Final\netty-handler-4.1.77.Final.jar;C:\Users\barin\.m2\repository\org\apache\httpcomponents\httpclient\4.5.13\httpclient-4.5.13.jar;C:\Users\barin\.m2\repository\org\slf4j\slf4j-api\1.7.36\slf4j-api-1.7.36.jar;C:\Users\barin\.m2\repository\org\scalatest\scalatest_2.12\3.1.2\scalatest_2.12-3.1.2.jar;C:\Users\barin\.m2\repository\org\scalactic\scalactic_2.12\3.1.2\scalactic_2.12-3.1.2.jar;C:\Users\barin\.m2\repository\org\scala-lang\modules\scala-xml_2.12\1.2.0\scala-xml_2.12-1.2.0.jar;C:\Users\barin\.m2\repository\org\apache\flink\flink-shaded-guava\30.1.1-jre-14.0\flink-shaded-guava-30.1.1-jre-14.0.jar;C:\Users\barin\.m2\repository\org\apache\logging\log4j\log4j-slf4j-impl\2.17.1\log4j-slf4j-impl-2.17.1.jar;C:\Users\barin\.m2\repository\org\apache\logging\log4j\log4j-api\2.17.1\log4j-api-2.17.1.jar;C:\Users\barin\.m2\repository\org\apache\logging\log4j\log4j-core\2.17.1\log4j-core-2.17.1.jar">
</property>
    <property name="java.vm.specification.version" value="17"/>
    <property name="sun.arch.data.model" value="64"/>
    <property 
    name="sun.java.command" value="org.scalatest.tools.Runner -R C:\Users\barin\Documents\GitHub\airspace-monitoring\states_source\target\classes C:\Users\barin\Documents\GitHub\airspace-monitoring\states_source\target\test-classes -o -fWDF C:\Users\barin\Documents\GitHub\airspace-monitoring\states_source\target\surefire-reports\TestSuite.txt -u C:\Users\barin\Documents\GitHub\airspace-monitoring\states_source\target\surefire-reports\.">
</property>
    <property name="java.home" value="C:\Program Files\Java\jdk-17.0.3"/>
    <property name="user.language" value="it"/>
    <property name="java.specification.vendor" value="Oracle Corporation"/>
    <property name="java.vm.info" value="mixed mode, sharing"/>
    <property name="java.version" value="17.0.3"/>
    <property name="native.encoding" value="Cp1252"/>
    <property name="java.vendor" value="Oracle Corporation"/>
    <property name="file.separator" value="\"/>
    <property name="java.version.date" value="2022-04-19"/>
    <property 
    name="java.vendor.url.bug" value="https://bugreport.java.com/bugreport/">
</property>
    <property name="sun.io.unicode.encoding" value="UnicodeLittle"/>
    <property name="sun.cpu.endian" value="little"/>
    <property name="sun.cpu.isalist" value="amd64"/>
  </properties>
  <system-out><![CDATA[]]></system-out>
  <system-err><![CDATA[]]></system-err>
</testsuite>
